Formatted  .\LoRaRadio.h
Formatted  .\lorastack\mac\LoRaMac.cpp
Formatted  .\lorastack\mac\LoRaMac.h
Formatted  .\lorastack\mac\LoRaMacChannelPlan.cpp
Formatted  .\lorastack\mac\LoRaMacChannelPlan.h
Formatted  .\lorastack\mac\LoRaMacCommand.cpp
Formatted  .\lorastack\mac\LoRaMacCommand.h
Formatted  .\lorastack\mac\LoRaMacCrypto.cpp
Formatted  .\lorastack\mac\LoRaMacCrypto.h
Formatted  .\lorastack\phy\LoRaPHY.cpp
Formatted  .\lorastack\phy\LoRaPHY.h
Formatted  .\lorastack\phy\LoRaPHYAS923.cpp
Formatted  .\lorastack\phy\LoRaPHYAS923.h
Formatted  .\lorastack\phy\LoRaPHYAU915.cpp
Formatted  .\lorastack\phy\LoRaPHYAU915.h
Formatted  .\lorastack\phy\LoRaPHYCN470.cpp
Formatted  .\lorastack\phy\LoRaPHYCN470.h
Formatted  .\lorastack\phy\LoRaPHYCN779.cpp
Unchanged  .\lorastack\phy\LoRaPHYCN779.h
Formatted  .\lorastack\phy\LoRaPHYEU433.cpp
Unchanged  .\lorastack\phy\LoRaPHYEU433.h
Formatted  .\lorastack\phy\LoRaPHYEU868.cpp
Unchanged  .\lorastack\phy\LoRaPHYEU868.h
Formatted  .\lorastack\phy\LoRaPHYIN865.cpp
Formatted  .\lorastack\phy\LoRaPHYIN865.h
Formatted  .\lorastack\phy\LoRaPHYKR920.cpp
Formatted  .\lorastack\phy\LoRaPHYKR920.h
Formatted  .\lorastack\phy\LoRaPHYUS915.cpp
Formatted  .\lorastack\phy\LoRaPHYUS915.h
Formatted  .\lorastack\phy\LoRaPHYUS915Hybrid.cpp
Formatted  .\lorastack\phy\LoRaPHYUS915Hybrid.h
Formatted  .\lorastack\phy\loraphy_target.h
Formatted  .\lorastack\phy\lora_phy_ds.h
Formatted  .\LoRaWANBase.h
Formatted  .\LoRaWANInterface.cpp
Formatted  .\LoRaWANInterface.h
Formatted  .\LoRaWANStack.cpp
Formatted  .\LoRaWANStack.h
Formatted  .\lorawan_types.h
Formatted  .\system\LoRaWANTimer.cpp
Formatted  .\system\LoRaWANTimer.h
Formatted  .\system\lorawan_data_structures.h
